Arguments: 
  D:\software\node\node.exe D:\Node\node_global\node_modules\yarn\bin\yarn.js publish

PATH: 
  D:\software\cmder\bin;D:\software\cmder\vendor\conemu-maximus5\ConEmu\Scripts;D:\software\cmder\vendor\conemu-maximus5;D:\software\cmder\vendor\conemu-maximus5\ConEmu;C:\Python27\;C:\Python27\Scripts;C:\Program Files (x86)\Common Files\Oracle\Java\javapath;D:\software\ftp\;C:\WINDOWS\system32;C:\WINDOWS;C:\WINDOWS\System32\Wbem;C:\WINDOWS\System32\WindowsPowerShell\v1.0\;D:\Node\node_global;D:\Node\node_global\node_modules;D:\software\Git\cmd;C:\WINDOWS\System32\OpenSSH\;"D:\software\java\jdk\bin;D:\software\java\jdk\jre\bin";%NVM_HOME%;%NVM_SYMLINK%;C:\ProgramData\chocolatey\bin;D:\software\node\;C:\Ruby27-x64\bin;C:\Users\Administrator\AppData\Local\Microsoft\WindowsApps;D:\software\Microsoft VS Code\bin;C:\Users\Administrator\AppData\Roaming\nvm;C:\Program Files\nodejs;C:\Users\Administrator\AppData\Roaming\npm;D:\software\Git\usr\bin;D:\software\Git\usr\share\vim\vim74;D:\software\cmder\

Yarn version: 
  1.22.10

Node version: 
  14.15.1

Platform: 
  win32 x64

Trace: 
  Error: canceled
      at Interface.<anonymous> (D:\Node\node_global\node_modules\yarn\lib\cli.js:136216:13)
      at Interface.emit (events.js:315:20)
      at Interface._ttyWrite (readline.js:875:16)
      at ReadStream.onkeypress (readline.js:213:10)
      at ReadStream.emit (events.js:315:20)
      at emitKeys (internal/readline/utils.js:345:14)
      at emitKeys.next (<anonymous>)
      at ReadStream.onData (readline.js:1144:36)
      at ReadStream.emit (events.js:315:20)
      at addChunk (_stream_readable.js:309:12)

npm manifest: 
  {
    "name": "vue-press-blog",
    "version": "1.0.1",
    "description": "vuepress 博客源码",
    "main": "index.js",
    "scripts": {
      "test": "echo \"Error: no test specified\" && exit 1",
      "docs": "vuepress dev docs",
      "build": "vuepress build docs",
      "publish": "bash deploy.sh"
    },
    "repository": {
      "type": "git",
      "url": "git+https://github.com/dreamSeekerYu/vue-press-blog.git"
    },
    "keywords": [],
    "author": "",
    "license": "ISC",
    "bugs": {
      "url": "https://github.com/dreamSeekerYu/vue-press-blog/issues"
    },
    "homepage": "https://github.com/dreamSeekerYu/vue-press-blog#readme"
  }

yarn manifest: 
  No manifest

Lockfile: 
  No lockfile
